@!@!@STARTMSG 2262:0 @!@!@
TLC2 Version 2026.03.31.154134 (rev: becec35)
@!@!@ENDMSG 2262 @!@!@
@!@!@STARTMSG 2187:0 @!@!@
Running breadth-first search Model-Checking with fp 110 and seed 7739962199152997253 with 12 workers on 12 cores with 7282MB heap and 64MB offheap memory [pid: 61755] (Mac OS X 26.2 x86_64, Homebrew 25.0.1 64bit, MSBDiskFPSet, DiskStateQueue).
@!@!@ENDMSG 2187 @!@!@
@!@!@STARTMSG 2220:0 @!@!@
Starting SANY...
@!@!@ENDMSG 2220 @!@!@
Parsing file /Users/dinu/distributed-data-systems/tla/ServicesConsistencyPlusCal.tla
Warning: symbols were renamed.
Parsing file /private/var/folders/m4/tzjdbzl52z71qmf013sljdwr0000gp/T/tlc-8449888894702117062/Naturals.tla (jar:file:/Users/dinu/.vscode/extensions/tlaplus.vscode-ide-2026.3.311551/tools/tla2tools.jar!/tla2sany/StandardModules/Naturals.tla)
Parsing file /private/var/folders/m4/tzjdbzl52z71qmf013sljdwr0000gp/T/tlc-8449888894702117062/Sequences.tla (jar:file:/Users/dinu/.vscode/extensions/tlaplus.vscode-ide-2026.3.311551/tools/tla2tools.jar!/tla2sany/StandardModules/Sequences.tla)
Parsing file /private/var/folders/m4/tzjdbzl52z71qmf013sljdwr0000gp/T/tlc-8449888894702117062/TLC.tla (jar:file:/Users/dinu/.vscode/extensions/tlaplus.vscode-ide-2026.3.311551/tools/tla2tools.jar!/tla2sany/StandardModules/TLC.tla)
Parsing file /private/var/folders/m4/tzjdbzl52z71qmf013sljdwr0000gp/T/tlc-8449888894702117062/_TLCTrace.tla (jar:file:/Users/dinu/.vscode/extensions/tlaplus.vscode-ide-2026.3.311551/tools/tla2tools.jar!/tla2sany/StandardModules/_TLCTrace.tla)
Parsing file /private/var/folders/m4/tzjdbzl52z71qmf013sljdwr0000gp/T/tlc-8449888894702117062/FiniteSets.tla (jar:file:/Users/dinu/.vscode/extensions/tlaplus.vscode-ide-2026.3.311551/tools/tla2tools.jar!/tla2sany/StandardModules/FiniteSets.tla)
Parsing file /private/var/folders/m4/tzjdbzl52z71qmf013sljdwr0000gp/T/tlc-8449888894702117062/TLCExt.tla (jar:file:/Users/dinu/.vscode/extensions/tlaplus.vscode-ide-2026.3.311551/tools/tla2tools.jar!/tla2sany/StandardModules/TLCExt.tla)
Parsing file /private/var/folders/m4/tzjdbzl52z71qmf013sljdwr0000gp/T/tlc-8449888894702117062/Integers.tla (jar:file:/Users/dinu/.vscode/extensions/tlaplus.vscode-ide-2026.3.311551/tools/tla2tools.jar!/tla2sany/StandardModules/Integers.tla)
Semantic processing of module Naturals
Semantic processing of module Sequences
Semantic processing of module FiniteSets
Semantic processing of module TLC
Semantic processing of module Integers
Semantic processing of module TLCExt
Semantic processing of module _TLCTrace
Semantic processing of module ServicesConsistencyPlusCal
Linting of module TLCExt
Linting of module _TLCTrace
Linting of module ServicesConsistencyPlusCal
@!@!@STARTMSG 2219:0 @!@!@
SANY finished.
@!@!@ENDMSG 2219 @!@!@
@!@!@STARTMSG 2185:0 @!@!@
Starting... (2026-04-01 02:49:34)
@!@!@ENDMSG 2185 @!@!@
@!@!@STARTMSG 2212:0 @!@!@
Implied-temporal checking--satisfiability problem has 1 branches.
@!@!@ENDMSG 2212 @!@!@
@!@!@STARTMSG 2189:0 @!@!@
Computing initial states...
@!@!@ENDMSG 2189 @!@!@
@!@!@STARTMSG 2190:0 @!@!@
Finished computing initial states: 1 distinct state generated at 2026-04-01 02:49:34.
@!@!@ENDMSG 2190 @!@!@
@!@!@STARTMSG 2200:0 @!@!@
Progress(29) at 2026-04-01 02:49:35: 450 states generated, 205 distinct states found, 0 states left on queue.
@!@!@ENDMSG 2200 @!@!@
@!@!@STARTMSG 2192:0 @!@!@
Checking temporal properties for the complete state space with 205 total distinct states at (2026-04-01 02:49:35)
@!@!@ENDMSG 2192 @!@!@
@!@!@STARTMSG 2267:0 @!@!@
Finished checking temporal properties in 00s at 2026-04-01 02:49:35
@!@!@ENDMSG 2267 @!@!@
@!@!@STARTMSG 2193:0 @!@!@
Model checking completed. No error has been found.
  Estimates of the probability that TLC did not check all reachable states
  because two distinct states had the same fingerprint:
  calculated (optimistic):  val = 2.7E-15
@!@!@ENDMSG 2193 @!@!@
@!@!@STARTMSG 2201:0 @!@!@
The coverage statistics at 2026-04-01 02:49:35 (see https://explain.tlapl.us/module-coverage-statistics for how to interpret the following statistics).
@!@!@ENDMSG 2201 @!@!@
@!@!@STARTMSG 2779:0 @!@!@
<done line 387, col 15 to line 387, col 18 of module ServicesConsistencyPlusCal>: 2
@!@!@ENDMSG 2779 @!@!@
@!@!@STARTMSG 2779:0 @!@!@
<message_ line 412, col 27 to line 412, col 34 of module ServicesConsistencyPlusCal>: 4
@!@!@ENDMSG 2779 @!@!@
@!@!@STARTMSG 2779:0 @!@!@
<stockStatus line 388, col 64 to line 388, col 74 of module ServicesConsistencyPlusCal>: 2
@!@!@ENDMSG 2779 @!@!@
@!@!@STARTMSG 2779:0 @!@!@
<userPaidCredits line 387, col 51 to line 387, col 65 of module ServicesConsistencyPlusCal>: 2
@!@!@ENDMSG 2779 @!@!@
@!@!@STARTMSG 2779:0 @!@!@
<stockSold line 388, col 38 to line 388, col 46 of module ServicesConsistencyPlusCal>: 1
@!@!@ENDMSG 2779 @!@!@
@!@!@STARTMSG 2779:0 @!@!@
<pc line 387, col 11 to line 387, col 12 of module ServicesConsistencyPlusCal>: 39
@!@!@ENDMSG 2779 @!@!@
@!@!@STARTMSG 2779:0 @!@!@
<message_P line 412, col 37 to line 412, col 45 of module ServicesConsistencyPlusCal>: 3
@!@!@ENDMSG 2779 @!@!@
@!@!@STARTMSG 2779:0 @!@!@
<userCredits line 387, col 21 to line 387, col 31 of module ServicesConsistencyPlusCal>: 2
@!@!@ENDMSG 2779 @!@!@
@!@!@STARTMSG 2779:0 @!@!@
<userHeldCredits line 387, col 34 to line 387, col 48 of module ServicesConsistencyPlusCal>: 1
@!@!@ENDMSG 2779 @!@!@
@!@!@STARTMSG 2779:0 @!@!@
<orchestratorRxP line 389, col 45 to line 389, col 59 of module ServicesConsistencyPlusCal>: 5
@!@!@ENDMSG 2779 @!@!@
@!@!@STARTMSG 2779:0 @!@!@
<orchestratorRxS line 389, col 62 to line 389, col 76 of module ServicesConsistencyPlusCal>: 2
@!@!@ENDMSG 2779 @!@!@
@!@!@STARTMSG 2779:0 @!@!@
<orchestratorTxP line 389, col 11 to line 389, col 25 of module ServicesConsistencyPlusCal>: 5
@!@!@ENDMSG 2779 @!@!@
@!@!@STARTMSG 2779:0 @!@!@
<orchestratorTxS line 389, col 28 to line 389, col 42 of module ServicesConsistencyPlusCal>: 2
@!@!@ENDMSG 2779 @!@!@
@!@!@STARTMSG 2779:0 @!@!@
<stockHeld line 388, col 27 to line 388, col 35 of module ServicesConsistencyPlusCal>: 1
@!@!@ENDMSG 2779 @!@!@
@!@!@STARTMSG 2779:0 @!@!@
<stockAvailable line 388, col 11 to line 388, col 24 of module ServicesConsistencyPlusCal>: 1
@!@!@ENDMSG 2779 @!@!@
@!@!@STARTMSG 2779:0 @!@!@
<checkoutStatus line 412, col 11 to line 412, col 24 of module ServicesConsistencyPlusCal>: 6
@!@!@ENDMSG 2779 @!@!@
@!@!@STARTMSG 2779:0 @!@!@
<message line 412, col 48 to line 412, col 54 of module ServicesConsistencyPlusCal>: 2
@!@!@ENDMSG 2779 @!@!@
@!@!@STARTMSG 2779:0 @!@!@
<paymentStatus line 388, col 49 to line 388, col 61 of module ServicesConsistencyPlusCal>: 3
@!@!@ENDMSG 2779 @!@!@
@!@!@STARTMSG 2773:0 @!@!@
<Init line 421, col 1 to line 421, col 4 of module ServicesConsistencyPlusCal>: 1:1
@!@!@ENDMSG 2773 @!@!@
@!@!@STARTMSG 2221:0 @!@!@
  line 422, col 12 to line 422, col 23 of module ServicesConsistencyPlusCal: 1
@!@!@ENDMSG 2221 @!@!@
@!@!@STARTMSG 2221:0 @!@!@
  line 423, col 12 to line 423, col 39 of module ServicesConsistencyPlusCal: 1
@!@!@ENDMSG 2221 @!@!@
@!@!@STARTMSG 2221:0 @!@!@
  line 426, col 12 to line 426, col 40 of module ServicesConsistencyPlusCal: 1
@!@!@ENDMSG 2221 @!@!@
@!@!@STARTMSG 2221:0 @!@!@
  line 431, col 12 to line 431, col 33 of module ServicesConsistencyPlusCal: 1
@!@!@ENDMSG 2221 @!@!@
@!@!@STARTMSG 2221:0 @!@!@
  line 432, col 12 to line 432, col 33 of module ServicesConsistencyPlusCal: 1
@!@!@ENDMSG 2221 @!@!@
@!@!@STARTMSG 2221:0 @!@!@
  line 433, col 12 to line 433, col 33 of module ServicesConsistencyPlusCal: 1
@!@!@ENDMSG 2221 @!@!@
@!@!@STARTMSG 2221:0 @!@!@
  line 434, col 12 to line 434, col 33 of module ServicesConsistencyPlusCal: 1
@!@!@ENDMSG 2221 @!@!@
@!@!@STARTMSG 2221:0 @!@!@
  line 436, col 12 to line 436, col 32 of module ServicesConsistencyPlusCal: 1
@!@!@ENDMSG 2221 @!@!@
@!@!@STARTMSG 2221:0 @!@!@
  line 442, col 12 to line 444, col 68 of module ServicesConsistencyPlusCal: 1
@!@!@ENDMSG 2221 @!@!@
@!@!@STARTMSG 2775:0 @!@!@
  |line 442, col 17 to line 444, col 68 of module ServicesConsistencyPlusCal: 1:3
@!@!@ENDMSG 2775 @!@!@
@!@!@STARTMSG 2221:0 @!@!@
  ||line 442, col 39 to line 444, col 67 of module ServicesConsistencyPlusCal: 3
@!@!@ENDMSG 2221 @!@!@
@!@!@STARTMSG 2221:0 @!@!@
  |||line 442, col 44 to line 442, col 62 of module ServicesConsistencyPlusCal: 3
@!@!@ENDMSG 2221 @!@!@
@!@!@STARTMSG 2221:0 @!@!@
  |||line 443, col 44 to line 443, col 69 of module ServicesConsistencyPlusCal: 2
@!@!@ENDMSG 2221 @!@!@
@!@!@STARTMSG 2221:0 @!@!@
  |||line 444, col 44 to line 444, col 67 of module ServicesConsistencyPlusCal: 1
@!@!@ENDMSG 2221 @!@!@
@!@!@STARTMSG 2221:0 @!@!@
  ||line 442, col 27 to line 442, col 33 of module ServicesConsistencyPlusCal: 1
@!@!@ENDMSG 2221 @!@!@
@!@!@STARTMSG 2772:0 @!@!@
<Start line 446, col 1 to line 446, col 5 of module ServicesConsistencyPlusCal>: 1:1
@!@!@ENDMSG 2772 @!@!@
@!@!@STARTMSG 2221:0 @!@!@
  line 446, col 13 to line 446, col 27 of module ServicesConsistencyPlusCal: 214
@!@!@ENDMSG 2221 @!@!@
@!@!@STARTMSG 2221:0 @!@!@
  |line 446, col 13 to line 446, col 17 of module ServicesConsistencyPlusCal: 213
@!@!@ENDMSG 2221 @!@!@
@!@!@STARTMSG 2221:0 @!@!@
  line 447, col 13 to line 447, col 60 of module ServicesConsistencyPlusCal: 1
@!@!@ENDMSG 2221 @!@!@
@!@!@STARTMSG 2221:0 @!@!@
  line 448, col 16 to line 448, col 27 of module ServicesConsistencyPlusCal: 1
@!@!@ENDMSG 2221 @!@!@
@!@!@STARTMSG 2221:0 @!@!@
  line 449, col 24 to line 449, col 61 of module ServicesConsistencyPlusCal: 0
@!@!@ENDMSG 2221 @!@!@
@!@!@STARTMSG 2221:0 @!@!@
  line 450, col 21 to line 450, col 62 of module ServicesConsistencyPlusCal: 1
@!@!@ENDMSG 2221 @!@!@
@!@!@STARTMSG 2221:0 @!@!@
  line 451, col 13 to line 455, col 35 of module ServicesConsistencyPlusCal: 1
@!@!@ENDMSG 2221 @!@!@
@!@!@STARTMSG 2772:0 @!@!@
<Checkout2PC line 457, col 1 to line 457, col 11 of module ServicesConsistencyPlusCal>: 0:0
@!@!@ENDMSG 2772 @!@!@
@!@!@STARTMSG 2221:0 @!@!@
  line 457, col 19 to line 457, col 39 of module ServicesConsistencyPlusCal: 213
@!@!@ENDMSG 2221 @!@!@
@!@!@STARTMSG 2221:0 @!@!@
  line 458, col 19 to line 458, col 63 of module ServicesConsistencyPlusCal: 0
@!@!@ENDMSG 2221 @!@!@
@!@!@STARTMSG 2221:0 @!@!@
  line 459, col 19 to line 464, col 78 of module ServicesConsistencyPlusCal: 0
@!@!@ENDMSG 2221 @!@!@
@!@!@STARTMSG 2772:0 @!@!@
<CheckoutPayment2PC line 466, col 1 to line 466, col 18 of module ServicesConsistencyPlusCal>: 0:0
@!@!@ENDMSG 2772 @!@!@
@!@!@STARTMSG 2221:0 @!@!@
  line 466, col 26 to line 466, col 53 of module ServicesConsistencyPlusCal: 213
@!@!@ENDMSG 2221 @!@!@
@!@!@STARTMSG 2221:0 @!@!@
  line 467, col 26 to line 467, col 78 of module ServicesConsistencyPlusCal: 0
@!@!@ENDMSG 2221 @!@!@
@!@!@STARTMSG 2221:0 @!@!@
  line 468, col 26 to line 468, col 83 of module ServicesConsistencyPlusCal: 0
@!@!@ENDMSG 2221 @!@!@
@!@!@STARTMSG 2221:0 @!@!@
  line 469, col 26 to line 469, col 68 of module ServicesConsistencyPlusCal: 0
@!@!@ENDMSG 2221 @!@!@
@!@!@STARTMSG 2221:0 @!@!@
  line 470, col 26 to line 475, col 69 of module ServicesConsistencyPlusCal: 0
@!@!@ENDMSG 2221 @!@!@
@!@!@STARTMSG 2772:0 @!@!@
<CheckoutStock2PC line 477, col 1 to line 477, col 16 of module ServicesConsistencyPlusCal>: 0:0
@!@!@ENDMSG 2772 @!@!@
@!@!@STARTMSG 2221:0 @!@!@
  line 477, col 24 to line 477, col 49 of module ServicesConsistencyPlusCal: 213
@!@!@ENDMSG 2221 @!@!@
@!@!@STARTMSG 2221:0 @!@!@
  line 478, col 24 to line 478, col 76 of module ServicesConsistencyPlusCal: 0
@!@!@ENDMSG 2221 @!@!@
@!@!@STARTMSG 2221:0 @!@!@
  line 479, col 24 to line 479, col 81 of module ServicesConsistencyPlusCal: 0
@!@!@ENDMSG 2221 @!@!@
@!@!@STARTMSG 2221:0 @!@!@
  line 480, col 24 to line 480, col 65 of module ServicesConsistencyPlusCal: 0
@!@!@ENDMSG 2221 @!@!@
@!@!@STARTMSG 2221:0 @!@!@
  line 481, col 24 to line 486, col 46 of module ServicesConsistencyPlusCal: 0
@!@!@ENDMSG 2221 @!@!@
@!@!@STARTMSG 2772:0 @!@!@
<CheckoutProcess line 488, col 1 to line 488, col 15 of module ServicesConsistencyPlusCal>: 0:0
@!@!@ENDMSG 2772 @!@!@
@!@!@STARTMSG 2221:0 @!@!@
  line 488, col 23 to line 488, col 47 of module ServicesConsistencyPlusCal: 213
@!@!@ENDMSG 2221 @!@!@
@!@!@STARTMSG 2221:0 @!@!@
  line 490, col 34 to line 490, col 66 of module ServicesConsistencyPlusCal: 0
@!@!@ENDMSG 2221 @!@!@
@!@!@STARTMSG 2221:0 @!@!@
  line 491, col 34 to line 491, col 73 of module ServicesConsistencyPlusCal: 0
@!@!@ENDMSG 2221 @!@!@
@!@!@STARTMSG 2221:0 @!@!@
  line 492, col 34 to line 492, col 82 of module ServicesConsistencyPlusCal: 0
@!@!@ENDMSG 2221 @!@!@
@!@!@STARTMSG 2221:0 @!@!@
  line 493, col 34 to line 494, col 80 of module ServicesConsistencyPlusCal: 0
@!@!@ENDMSG 2221 @!@!@
@!@!@STARTMSG 2221:0 @!@!@
  line 496, col 45 to line 496, col 77 of module ServicesConsistencyPlusCal: 0
@!@!@ENDMSG 2221 @!@!@
@!@!@STARTMSG 2221:0 @!@!@
  line 497, col 45 to line 497, col 84 of module ServicesConsistencyPlusCal: 0
@!@!@ENDMSG 2221 @!@!@
@!@!@STARTMSG 2221:0 @!@!@
  line 498, col 45 to line 498, col 98 of module ServicesConsistencyPlusCal: 0
@!@!@ENDMSG 2221 @!@!@
@!@!@STARTMSG 2221:0 @!@!@
  line 499, col 45 to line 501, col 74 of module ServicesConsistencyPlusCal: 0
@!@!@ENDMSG 2221 @!@!@
@!@!@STARTMSG 2221:0 @!@!@
  line 503, col 56 to line 503, col 107 of module ServicesConsistencyPlusCal: 0
@!@!@ENDMSG 2221 @!@!@
@!@!@STARTMSG 2221:0 @!@!@
  line 504, col 56 to line 504, col 107 of module ServicesConsistencyPlusCal: 0
@!@!@ENDMSG 2221 @!@!@
@!@!@STARTMSG 2221:0 @!@!@
  line 505, col 56 to line 505, col 103 of module ServicesConsistencyPlusCal: 0
@!@!@ENDMSG 2221 @!@!@
@!@!@STARTMSG 2221:0 @!@!@
  line 506, col 56 to line 506, col 97 of module ServicesConsistencyPlusCal: 0
@!@!@ENDMSG 2221 @!@!@
@!@!@STARTMSG 2221:0 @!@!@
  line 508, col 67 to line 508, col 117 of module ServicesConsistencyPlusCal: 0
@!@!@ENDMSG 2221 @!@!@
@!@!@STARTMSG 2221:0 @!@!@
  line 509, col 67 to line 509, col 117 of module ServicesConsistencyPlusCal: 0
@!@!@ENDMSG 2221 @!@!@
@!@!@STARTMSG 2221:0 @!@!@
  line 510, col 67 to line 510, col 110 of module ServicesConsistencyPlusCal: 0
@!@!@ENDMSG 2221 @!@!@
@!@!@STARTMSG 2221:0 @!@!@
  line 511, col 67 to line 511, col 108 of module ServicesConsistencyPlusCal: 0
@!@!@ENDMSG 2221 @!@!@
@!@!@STARTMSG 2221:0 @!@!@
  line 513, col 78 to line 513, col 128 of module ServicesConsistencyPlusCal: 0
@!@!@ENDMSG 2221 @!@!@
@!@!@STARTMSG 2221:0 @!@!@
  line 514, col 78 to line 514, col 128 of module ServicesConsistencyPlusCal: 0
@!@!@ENDMSG 2221 @!@!@
@!@!@STARTMSG 2221:0 @!@!@
  line 515, col 78 to line 515, col 121 of module ServicesConsistencyPlusCal: 0
@!@!@ENDMSG 2221 @!@!@
@!@!@STARTMSG 2221:0 @!@!@
  line 516, col 78 to line 516, col 119 of module ServicesConsistencyPlusCal: 0
@!@!@ENDMSG 2221 @!@!@
@!@!@STARTMSG 2221:0 @!@!@
  line 518, col 89 to line 518, col 121 of module ServicesConsistencyPlusCal: 0
@!@!@ENDMSG 2221 @!@!@
@!@!@STARTMSG 2221:0 @!@!@
  line 519, col 89 to line 519, col 130 of module ServicesConsistencyPlusCal: 0
@!@!@ENDMSG 2221 @!@!@
@!@!@STARTMSG 2221:0 @!@!@
  line 520, col 78 to line 522, col 107 of module ServicesConsistencyPlusCal: 0
@!@!@ENDMSG 2221 @!@!@
@!@!@STARTMSG 2221:0 @!@!@
  line 523, col 45 to line 524, col 68 of module ServicesConsistencyPlusCal: 0
@!@!@ENDMSG 2221 @!@!@
@!@!@STARTMSG 2221:0 @!@!@
  line 525, col 34 to line 525, col 58 of module ServicesConsistencyPlusCal: 0
@!@!@ENDMSG 2221 @!@!@
@!@!@STARTMSG 2221:0 @!@!@
  line 526, col 23 to line 529, col 56 of module ServicesConsistencyPlusCal: 0
@!@!@ENDMSG 2221 @!@!@
@!@!@STARTMSG 2772:0 @!@!@
<ProcessMessageCheckout line 531, col 1 to line 531, col 22 of module ServicesConsistencyPlusCal>: 0:0
@!@!@ENDMSG 2772 @!@!@
@!@!@STARTMSG 2221:0 @!@!@
  line 531, col 30 to line 531, col 61 of module ServicesConsistencyPlusCal: 213
@!@!@ENDMSG 2221 @!@!@
@!@!@STARTMSG 2221:0 @!@!@
  line 534, col 52 to line 534, col 110 of module ServicesConsistencyPlusCal: 0
@!@!@ENDMSG 2221 @!@!@
@!@!@STARTMSG 2221:0 @!@!@
  line 536, col 52 to line 536, col 75 of module ServicesConsistencyPlusCal: 0
@!@!@ENDMSG 2221 @!@!@
@!@!@STARTMSG 2221:0 @!@!@
  line 539, col 63 to line 539, col 119 of module ServicesConsistencyPlusCal: 0
@!@!@ENDMSG 2221 @!@!@
@!@!@STARTMSG 2221:0 @!@!@
  line 541, col 63 to line 541, col 86 of module ServicesConsistencyPlusCal: 0
@!@!@ENDMSG 2221 @!@!@
@!@!@STARTMSG 2221:0 @!@!@
  line 544, col 74 to line 544, col 133 of module ServicesConsistencyPlusCal: 0
@!@!@ENDMSG 2221 @!@!@
@!@!@STARTMSG 2221:0 @!@!@
  line 546, col 74 to line 546, col 97 of module ServicesConsistencyPlusCal: 0
@!@!@ENDMSG 2221 @!@!@
@!@!@STARTMSG 2221:0 @!@!@
  line 549, col 85 to line 549, col 142 of module ServicesConsistencyPlusCal: 0
@!@!@ENDMSG 2221 @!@!@
@!@!@STARTMSG 2221:0 @!@!@
  line 551, col 85 to line 551, col 108 of module ServicesConsistencyPlusCal: 0
@!@!@ENDMSG 2221 @!@!@
@!@!@STARTMSG 2221:0 @!@!@
  line 553, col 74 to line 553, col 97 of module ServicesConsistencyPlusCal: 0
@!@!@ENDMSG 2221 @!@!@
@!@!@STARTMSG 2221:0 @!@!@
  line 554, col 30 to line 554, col 71 of module ServicesConsistencyPlusCal: 0
@!@!@ENDMSG 2221 @!@!@
@!@!@STARTMSG 2221:0 @!@!@
  line 555, col 30 to line 561, col 52 of module ServicesConsistencyPlusCal: 0
@!@!@ENDMSG 2221 @!@!@
@!@!@STARTMSG 2772:0 @!@!@
<ProcessMessageCheckoutStock line 563, col 1 to line 563, col 27 of module ServicesConsistencyPlusCal>: 0:0
@!@!@ENDMSG 2772 @!@!@
@!@!@STARTMSG 2221:0 @!@!@
  line 563, col 35 to line 563, col 71 of module ServicesConsistencyPlusCal: 213
@!@!@ENDMSG 2221 @!@!@
@!@!@STARTMSG 2221:0 @!@!@
  line 566, col 57 to line 566, col 115 of module ServicesConsistencyPlusCal: 0
@!@!@ENDMSG 2221 @!@!@
@!@!@STARTMSG 2221:0 @!@!@
  line 568, col 57 to line 568, col 80 of module ServicesConsistencyPlusCal: 0
@!@!@ENDMSG 2221 @!@!@
@!@!@STARTMSG 2221:0 @!@!@
  line 571, col 68 to line 571, col 124 of module ServicesConsistencyPlusCal: 0
@!@!@ENDMSG 2221 @!@!@
@!@!@STARTMSG 2221:0 @!@!@
  line 573, col 68 to line 573, col 91 of module ServicesConsistencyPlusCal: 0
@!@!@ENDMSG 2221 @!@!@
@!@!@STARTMSG 2221:0 @!@!@
  line 576, col 79 to line 576, col 138 of module ServicesConsistencyPlusCal: 0
@!@!@ENDMSG 2221 @!@!@
@!@!@STARTMSG 2221:0 @!@!@
  line 578, col 79 to line 578, col 102 of module ServicesConsistencyPlusCal: 0
@!@!@ENDMSG 2221 @!@!@
@!@!@STARTMSG 2221:0 @!@!@
  line 581, col 90 to line 581, col 147 of module ServicesConsistencyPlusCal: 0
@!@!@ENDMSG 2221 @!@!@
@!@!@STARTMSG 2221:0 @!@!@
  line 583, col 90 to line 583, col 113 of module ServicesConsistencyPlusCal: 0
@!@!@ENDMSG 2221 @!@!@
@!@!@STARTMSG 2221:0 @!@!@
  line 585, col 79 to line 585, col 102 of module ServicesConsistencyPlusCal: 0
@!@!@ENDMSG 2221 @!@!@
@!@!@STARTMSG 2221:0 @!@!@
  line 586, col 35 to line 586, col 76 of module ServicesConsistencyPlusCal: 0
@!@!@ENDMSG 2221 @!@!@
@!@!@STARTMSG 2221:0 @!@!@
  line 587, col 35 to line 596, col 68 of module ServicesConsistencyPlusCal: 0
@!@!@ENDMSG 2221 @!@!@
@!@!@STARTMSG 2772:0 @!@!@
<2pcEnd line 598, col 1 to line 598, col 6 of module ServicesConsistencyPlusCal>: 0:0
@!@!@ENDMSG 2772 @!@!@
@!@!@STARTMSG 2221:0 @!@!@
  line 598, col 14 to line 598, col 29 of module ServicesConsistencyPlusCal: 213
@!@!@ENDMSG 2221 @!@!@
@!@!@STARTMSG 2221:0 @!@!@
  line 599, col 14 to line 599, col 25 of module ServicesConsistencyPlusCal: 0
@!@!@ENDMSG 2221 @!@!@
@!@!@STARTMSG 2221:0 @!@!@
  line 600, col 14 to line 600, col 44 of module ServicesConsistencyPlusCal: 0
@!@!@ENDMSG 2221 @!@!@
@!@!@STARTMSG 2221:0 @!@!@
  line 601, col 14 to line 605, col 57 of module ServicesConsistencyPlusCal: 0
@!@!@ENDMSG 2221 @!@!@
@!@!@STARTMSG 2772:0 @!@!@
<CheckoutSaga line 607, col 1 to line 607, col 12 of module ServicesConsistencyPlusCal>: 1:1
@!@!@ENDMSG 2772 @!@!@
@!@!@STARTMSG 2221:0 @!@!@
  line 607, col 20 to line 607, col 41 of module ServicesConsistencyPlusCal: 214
@!@!@ENDMSG 2221 @!@!@
@!@!@STARTMSG 2221:0 @!@!@
  |line 607, col 20 to line 607, col 24 of module ServicesConsistencyPlusCal: 213
@!@!@ENDMSG 2221 @!@!@
@!@!@STARTMSG 2221:0 @!@!@
  line 608, col 20 to line 608, col 65 of module ServicesConsistencyPlusCal: 1
@!@!@ENDMSG 2221 @!@!@
@!@!@STARTMSG 2221:0 @!@!@
  line 609, col 20 to line 614, col 79 of module ServicesConsistencyPlusCal: 1
@!@!@ENDMSG 2221 @!@!@
@!@!@STARTMSG 2772:0 @!@!@
<CheckoutPaymentSaga line 616, col 1 to line 616, col 19 of module ServicesConsistencyPlusCal>: 1:2
@!@!@ENDMSG 2772 @!@!@
@!@!@STARTMSG 2221:0 @!@!@
  line 616, col 27 to line 616, col 55 of module ServicesConsistencyPlusCal: 215
@!@!@ENDMSG 2221 @!@!@
@!@!@STARTMSG 2221:0 @!@!@
  |line 616, col 27 to line 616, col 31 of module ServicesConsistencyPlusCal: 213
@!@!@ENDMSG 2221 @!@!@
@!@!@STARTMSG 2221:0 @!@!@
  line 617, col 27 to line 617, col 80 of module ServicesConsistencyPlusCal: 2
@!@!@ENDMSG 2221 @!@!@
@!@!@STARTMSG 2221:0 @!@!@
  line 618, col 27 to line 618, col 70 of module ServicesConsistencyPlusCal: 2
@!@!@ENDMSG 2221 @!@!@
@!@!@STARTMSG 2221:0 @!@!@
  line 619, col 27 to line 625, col 49 of module ServicesConsistencyPlusCal: 2
@!@!@ENDMSG 2221 @!@!@
@!@!@STARTMSG 2772:0 @!@!@
<CheckoutStockSaga line 627, col 1 to line 627, col 17 of module ServicesConsistencyPlusCal>: 3:7
@!@!@ENDMSG 2772 @!@!@
@!@!@STARTMSG 2221:0 @!@!@
  line 627, col 25 to line 627, col 51 of module ServicesConsistencyPlusCal: 220
@!@!@ENDMSG 2221 @!@!@
@!@!@STARTMSG 2221:0 @!@!@
  |line 627, col 25 to line 627, col 29 of module ServicesConsistencyPlusCal: 213
@!@!@ENDMSG 2221 @!@!@
@!@!@STARTMSG 2221:0 @!@!@
  line 628, col 25 to line 628, col 78 of module ServicesConsistencyPlusCal: 7
@!@!@ENDMSG 2221 @!@!@
@!@!@STARTMSG 2221:0 @!@!@
  line 629, col 25 to line 629, col 70 of module ServicesConsistencyPlusCal: 7
@!@!@ENDMSG 2221 @!@!@
@!@!@STARTMSG 2221:0 @!@!@
  line 630, col 25 to line 636, col 47 of module ServicesConsistencyPlusCal: 7
@!@!@ENDMSG 2221 @!@!@
@!@!@STARTMSG 2772:0 @!@!@
<CheckoutSagaProcess line 638, col 1 to line 638, col 19 of module ServicesConsistencyPlusCal>: 35:158
@!@!@ENDMSG 2772 @!@!@
@!@!@STARTMSG 2221:0 @!@!@
  line 638, col 27 to line 638, col 55 of module ServicesConsistencyPlusCal: 371
@!@!@ENDMSG 2221 @!@!@
@!@!@STARTMSG 2221:0 @!@!@
  |line 638, col 27 to line 638, col 31 of module ServicesConsistencyPlusCal: 213
@!@!@ENDMSG 2221 @!@!@
@!@!@STARTMSG 2221:0 @!@!@
  line 639, col 30 to line 639, col 51 of module ServicesConsistencyPlusCal: 158
@!@!@ENDMSG 2221 @!@!@
@!@!@STARTMSG 2221:0 @!@!@
  line 640, col 38 to line 640, col 70 of module ServicesConsistencyPlusCal: 57
@!@!@ENDMSG 2221 @!@!@
@!@!@STARTMSG 2221:0 @!@!@
  line 641, col 38 to line 641, col 77 of module ServicesConsistencyPlusCal: 57
@!@!@ENDMSG 2221 @!@!@
@!@!@STARTMSG 2221:0 @!@!@
  line 642, col 41 to line 642, col 64 of module ServicesConsistencyPlusCal: 57
@!@!@ENDMSG 2221 @!@!@
@!@!@STARTMSG 2221:0 @!@!@
  line 643, col 46 to line 643, col 108 of module ServicesConsistencyPlusCal: 27
@!@!@ENDMSG 2221 @!@!@
@!@!@STARTMSG 2221:0 @!@!@
  line 644, col 52 to line 644, col 79 of module ServicesConsistencyPlusCal: 30
@!@!@ENDMSG 2221 @!@!@
@!@!@STARTMSG 2221:0 @!@!@
  line 645, col 60 to line 645, col 116 of module ServicesConsistencyPlusCal: 0
@!@!@ENDMSG 2221 @!@!@
@!@!@STARTMSG 2221:0 @!@!@
  line 646, col 63 to line 646, col 88 of module ServicesConsistencyPlusCal: 30
@!@!@ENDMSG 2221 @!@!@
@!@!@STARTMSG 2221:0 @!@!@
  line 647, col 74 to line 647, col 107 of module ServicesConsistencyPlusCal: 30
@!@!@ENDMSG 2221 @!@!@
@!@!@STARTMSG 2221:0 @!@!@
  line 648, col 79 to line 648, col 143 of module ServicesConsistencyPlusCal: 22
@!@!@ENDMSG 2221 @!@!@
@!@!@STARTMSG 2221:0 @!@!@
  line 649, col 82 to line 649, col 85 of module ServicesConsistencyPlusCal: 8
@!@!@ENDMSG 2221 @!@!@
@!@!@STARTMSG 2221:0 @!@!@
  line 650, col 82 to line 650, col 105 of module ServicesConsistencyPlusCal: 8
@!@!@ENDMSG 2221 @!@!@
@!@!@STARTMSG 2221:0 @!@!@
  line 652, col 71 to line 652, col 94 of module ServicesConsistencyPlusCal: 0
@!@!@ENDMSG 2221 @!@!@
@!@!@STARTMSG 2221:0 @!@!@
  line 653, col 38 to line 653, col 83 of module ServicesConsistencyPlusCal: 57
@!@!@ENDMSG 2221 @!@!@
@!@!@STARTMSG 2221:0 @!@!@
  line 654, col 38 to line 656, col 68 of module ServicesConsistencyPlusCal: 57
@!@!@ENDMSG 2221 @!@!@
@!@!@STARTMSG 2221:0 @!@!@
  line 657, col 41 to line 657, col 62 of module ServicesConsistencyPlusCal: 101
@!@!@ENDMSG 2221 @!@!@
@!@!@STARTMSG 2221:0 @!@!@
  line 658, col 49 to line 658, col 81 of module ServicesConsistencyPlusCal: 10
@!@!@ENDMSG 2221 @!@!@
@!@!@STARTMSG 2221:0 @!@!@
  line 659, col 49 to line 659, col 88 of module ServicesConsistencyPlusCal: 10
@!@!@ENDMSG 2221 @!@!@
@!@!@STARTMSG 2221:0 @!@!@
  line 660, col 52 to line 660, col 75 of module ServicesConsistencyPlusCal: 10
@!@!@ENDMSG 2221 @!@!@
@!@!@STARTMSG 2221:0 @!@!@
  line 661, col 60 to line 661, col 119 of module ServicesConsistencyPlusCal: 0
@!@!@ENDMSG 2221 @!@!@
@!@!@STARTMSG 2221:0 @!@!@
  line 662, col 63 to line 662, col 90 of module ServicesConsistencyPlusCal: 10
@!@!@ENDMSG 2221 @!@!@
@!@!@STARTMSG 2221:0 @!@!@
  line 663, col 68 to line 663, col 127 of module ServicesConsistencyPlusCal: 10
@!@!@ENDMSG 2221 @!@!@
@!@!@STARTMSG 2221:0 @!@!@
  line 666, col 93 to line 666, col 154 of module ServicesConsistencyPlusCal: 0
@!@!@ENDMSG 2221 @!@!@
@!@!@STARTMSG 2221:0 @!@!@
  line 668, col 93 to line 668, col 116 of module ServicesConsistencyPlusCal: 0
@!@!@ENDMSG 2221 @!@!@
@!@!@STARTMSG 2221:0 @!@!@
  line 670, col 82 to line 670, col 105 of module ServicesConsistencyPlusCal: 0
@!@!@ENDMSG 2221 @!@!@
@!@!@STARTMSG 2221:0 @!@!@
  line 671, col 49 to line 671, col 94 of module ServicesConsistencyPlusCal: 10
@!@!@ENDMSG 2221 @!@!@
@!@!@STARTMSG 2221:0 @!@!@
  line 672, col 49 to line 673, col 79 of module ServicesConsistencyPlusCal: 10
@!@!@ENDMSG 2221 @!@!@
@!@!@STARTMSG 2221:0 @!@!@
  line 674, col 52 to line 674, col 96 of module ServicesConsistencyPlusCal: 91
@!@!@ENDMSG 2221 @!@!@
@!@!@STARTMSG 2221:0 @!@!@
  line 675, col 60 to line 675, col 93 of module ServicesConsistencyPlusCal: 0
@!@!@ENDMSG 2221 @!@!@
@!@!@STARTMSG 2221:0 @!@!@
  line 676, col 60 to line 678, col 89 of module ServicesConsistencyPlusCal: 0
@!@!@ENDMSG 2221 @!@!@
@!@!@STARTMSG 2221:0 @!@!@
  line 679, col 63 to line 679, col 143 of module ServicesConsistencyPlusCal: 91
@!@!@ENDMSG 2221 @!@!@
@!@!@STARTMSG 2221:0 @!@!@
  line 680, col 71 to line 680, col 126 of module ServicesConsistencyPlusCal: 0
@!@!@ENDMSG 2221 @!@!@
@!@!@STARTMSG 2221:0 @!@!@
  line 681, col 71 to line 681, col 133 of module ServicesConsistencyPlusCal: 0
@!@!@ENDMSG 2221 @!@!@
@!@!@STARTMSG 2221:0 @!@!@
  line 682, col 71 to line 682, col 116 of module ServicesConsistencyPlusCal: 0
@!@!@ENDMSG 2221 @!@!@
@!@!@STARTMSG 2221:0 @!@!@
  line 683, col 71 to line 683, col 95 of module ServicesConsistencyPlusCal: 0
@!@!@ENDMSG 2221 @!@!@
@!@!@STARTMSG 2221:0 @!@!@
  line 684, col 74 to line 684, col 154 of module ServicesConsistencyPlusCal: 91
@!@!@ENDMSG 2221 @!@!@
@!@!@STARTMSG 2221:0 @!@!@
  |line 684, col 74 to line 684, col 101 of module ServicesConsistencyPlusCal: 91
@!@!@ENDMSG 2221 @!@!@
@!@!@STARTMSG 2221:0 @!@!@
  |line 684, col 106 to line 684, col 154 of module ServicesConsistencyPlusCal: 74
@!@!@ENDMSG 2221 @!@!@
@!@!@STARTMSG 2221:0 @!@!@
  line 685, col 79 to line 687, col 127 of module ServicesConsistencyPlusCal: 27
@!@!@ENDMSG 2221 @!@!@
@!@!@STARTMSG 2221:0 @!@!@
  line 688, col 85 to line 688, col 182 of module ServicesConsistencyPlusCal: 64
@!@!@ENDMSG 2221 @!@!@
@!@!@STARTMSG 2221:0 @!@!@
  |line 688, col 85 to line 688, col 131 of module ServicesConsistencyPlusCal: 64
@!@!@ENDMSG 2221 @!@!@
@!@!@STARTMSG 2221:0 @!@!@
  |line 688, col 136 to line 688, col 182 of module ServicesConsistencyPlusCal: 10
@!@!@ENDMSG 2221 @!@!@
@!@!@STARTMSG 2221:0 @!@!@
  line 689, col 90 to line 689, col 126 of module ServicesConsistencyPlusCal: 10
@!@!@ENDMSG 2221 @!@!@
@!@!@STARTMSG 2221:0 @!@!@
  line 690, col 90 to line 690, col 138 of module ServicesConsistencyPlusCal: 54
@!@!@ENDMSG 2221 @!@!@
@!@!@STARTMSG 2221:0 @!@!@
  line 691, col 82 to line 692, col 111 of module ServicesConsistencyPlusCal: 64
@!@!@ENDMSG 2221 @!@!@
@!@!@STARTMSG 2221:0 @!@!@
  line 693, col 71 to line 693, col 95 of module ServicesConsistencyPlusCal: 91
@!@!@ENDMSG 2221 @!@!@
@!@!@STARTMSG 2221:0 @!@!@
  line 694, col 49 to line 695, col 72 of module ServicesConsistencyPlusCal: 91
@!@!@ENDMSG 2221 @!@!@
@!@!@STARTMSG 2221:0 @!@!@
  line 696, col 38 to line 696, col 62 of module ServicesConsistencyPlusCal: 101
@!@!@ENDMSG 2221 @!@!@
@!@!@STARTMSG 2221:0 @!@!@
  line 697, col 27 to line 700, col 73 of module ServicesConsistencyPlusCal: 158
@!@!@ENDMSG 2221 @!@!@
@!@!@STARTMSG 2772:0 @!@!@
<SagaEnd line 702, col 1 to line 702, col 7 of module ServicesConsistencyPlusCal>: 5:14
@!@!@ENDMSG 2772 @!@!@
@!@!@STARTMSG 2221:0 @!@!@
  line 702, col 15 to line 702, col 31 of module ServicesConsistencyPlusCal: 227
@!@!@ENDMSG 2221 @!@!@
@!@!@STARTMSG 2221:0 @!@!@
  |line 702, col 15 to line 702, col 19 of module ServicesConsistencyPlusCal: 213
@!@!@ENDMSG 2221 @!@!@
@!@!@STARTMSG 2221:0 @!@!@
  line 703, col 15 to line 703, col 26 of module ServicesConsistencyPlusCal: 14
@!@!@ENDMSG 2221 @!@!@
@!@!@STARTMSG 2221:0 @!@!@
  line 704, col 15 to line 704, col 45 of module ServicesConsistencyPlusCal: 14
@!@!@ENDMSG 2221 @!@!@
@!@!@STARTMSG 2221:0 @!@!@
  line 705, col 15 to line 709, col 58 of module ServicesConsistencyPlusCal: 14
@!@!@ENDMSG 2221 @!@!@
@!@!@STARTMSG 2772:0 @!@!@
<PaymentStart line 717, col 1 to line 717, col 12 of module ServicesConsistencyPlusCal>: 20:41
@!@!@ENDMSG 2772 @!@!@
@!@!@STARTMSG 2221:0 @!@!@
  line 717, col 20 to line 717, col 41 of module ServicesConsistencyPlusCal: 251
@!@!@ENDMSG 2221 @!@!@
@!@!@STARTMSG 2221:0 @!@!@
  |line 717, col 20 to line 717, col 24 of module ServicesConsistencyPlusCal: 213
@!@!@ENDMSG 2221 @!@!@
@!@!@STARTMSG 2221:0 @!@!@
  line 718, col 20 to line 718, col 41 of module ServicesConsistencyPlusCal: 114
@!@!@ENDMSG 2221 @!@!@
@!@!@STARTMSG 2221:0 @!@!@
  |line 718, col 20 to line 718, col 34 of module ServicesConsistencyPlusCal: 82
@!@!@ENDMSG 2221 @!@!@
@!@!@STARTMSG 2221:0 @!@!@
  |line 718, col 38 to line 718, col 41 of module ServicesConsistencyPlusCal: 82
@!@!@ENDMSG 2221 @!@!@
@!@!@STARTMSG 2221:0 @!@!@
  line 718, col 46 to line 718, col 49 of module ServicesConsistencyPlusCal: 9
@!@!@ENDMSG 2221 @!@!@
@!@!@STARTMSG 2221:0 @!@!@
  line 719, col 23 to line 719, col 26 of module ServicesConsistencyPlusCal: 41
@!@!@ENDMSG 2221 @!@!@
@!@!@STARTMSG 2221:0 @!@!@
  line 720, col 31 to line 720, col 61 of module ServicesConsistencyPlusCal: 12
@!@!@ENDMSG 2221 @!@!@
@!@!@STARTMSG 2221:0 @!@!@
  line 721, col 31 to line 721, col 72 of module ServicesConsistencyPlusCal: 12
@!@!@ENDMSG 2221 @!@!@
@!@!@STARTMSG 2221:0 @!@!@
  line 722, col 28 to line 724, col 77 of module ServicesConsistencyPlusCal: 29
@!@!@ENDMSG 2221 @!@!@
@!@!@STARTMSG 2221:0 @!@!@
  line 725, col 20 to line 730, col 42 of module ServicesConsistencyPlusCal: 41
@!@!@ENDMSG 2221 @!@!@
@!@!@STARTMSG 2772:0 @!@!@
<PaymentReqProcessing line 732, col 1 to line 732, col 20 of module ServicesConsistencyPlusCal>: 19:33
@!@!@ENDMSG 2772 @!@!@
@!@!@STARTMSG 2221:0 @!@!@
  line 732, col 28 to line 732, col 57 of module ServicesConsistencyPlusCal: 246
@!@!@ENDMSG 2221 @!@!@
@!@!@STARTMSG 2221:0 @!@!@
  |line 732, col 28 to line 732, col 32 of module ServicesConsistencyPlusCal: 213
@!@!@ENDMSG 2221 @!@!@
@!@!@STARTMSG 2221:0 @!@!@
  line 733, col 31 to line 733, col 51 of module ServicesConsistencyPlusCal: 33
@!@!@ENDMSG 2221 @!@!@
@!@!@STARTMSG 2221:0 @!@!@
  line 736, col 61 to line 736, col 109 of module ServicesConsistencyPlusCal: 0
@!@!@ENDMSG 2221 @!@!@
@!@!@STARTMSG 2221:0 @!@!@
  line 737, col 61 to line 737, col 117 of module ServicesConsistencyPlusCal: 0
@!@!@ENDMSG 2221 @!@!@
@!@!@STARTMSG 2221:0 @!@!@
  line 738, col 61 to line 738, col 87 of module ServicesConsistencyPlusCal: 0
@!@!@ENDMSG 2221 @!@!@
@!@!@STARTMSG 2221:0 @!@!@
  line 739, col 61 to line 739, col 110 of module ServicesConsistencyPlusCal: 0
@!@!@ENDMSG 2221 @!@!@
@!@!@STARTMSG 2221:0 @!@!@
  line 740, col 61 to line 740, col 85 of module ServicesConsistencyPlusCal: 0
@!@!@ENDMSG 2221 @!@!@
@!@!@STARTMSG 2221:0 @!@!@
  line 741, col 61 to line 741, col 109 of module ServicesConsistencyPlusCal: 0
@!@!@ENDMSG 2221 @!@!@
@!@!@STARTMSG 2221:0 @!@!@
  line 742, col 61 to line 743, col 91 of module ServicesConsistencyPlusCal: 0
@!@!@ENDMSG 2221 @!@!@
@!@!@STARTMSG 2221:0 @!@!@
  line 744, col 50 to line 744, col 74 of module ServicesConsistencyPlusCal: 0
@!@!@ENDMSG 2221 @!@!@
@!@!@STARTMSG 2221:0 @!@!@
  line 746, col 61 to line 746, col 115 of module ServicesConsistencyPlusCal: 0
@!@!@ENDMSG 2221 @!@!@
@!@!@STARTMSG 2221:0 @!@!@
  line 748, col 61 to line 748, col 85 of module ServicesConsistencyPlusCal: 0
@!@!@ENDMSG 2221 @!@!@
@!@!@STARTMSG 2221:0 @!@!@
  line 749, col 50 to line 749, col 81 of module ServicesConsistencyPlusCal: 0
@!@!@ENDMSG 2221 @!@!@
@!@!@STARTMSG 2221:0 @!@!@
  line 750, col 50 to line 752, col 78 of module ServicesConsistencyPlusCal: 0
@!@!@ENDMSG 2221 @!@!@
@!@!@STARTMSG 2221:0 @!@!@
  line 753, col 39 to line 753, col 63 of module ServicesConsistencyPlusCal: 0
@!@!@ENDMSG 2221 @!@!@
@!@!@STARTMSG 2221:0 @!@!@
  line 754, col 42 to line 754, col 61 of module ServicesConsistencyPlusCal: 33
@!@!@ENDMSG 2221 @!@!@
@!@!@STARTMSG 2221:0 @!@!@
  line 756, col 61 to line 756, col 117 of module ServicesConsistencyPlusCal: 0
@!@!@ENDMSG 2221 @!@!@
@!@!@STARTMSG 2221:0 @!@!@
  line 757, col 61 to line 757, col 117 of module ServicesConsistencyPlusCal: 0
@!@!@ENDMSG 2221 @!@!@
@!@!@STARTMSG 2221:0 @!@!@
  line 758, col 61 to line 758, col 88 of module ServicesConsistencyPlusCal: 0
@!@!@ENDMSG 2221 @!@!@
@!@!@STARTMSG 2221:0 @!@!@
  line 759, col 61 to line 759, col 107 of module ServicesConsistencyPlusCal: 0
@!@!@ENDMSG 2221 @!@!@
@!@!@STARTMSG 2221:0 @!@!@
  line 761, col 72 to line 761, col 119 of module ServicesConsistencyPlusCal: 0
@!@!@ENDMSG 2221 @!@!@
@!@!@STARTMSG 2221:0 @!@!@
  line 762, col 72 to line 762, col 103 of module ServicesConsistencyPlusCal: 0
@!@!@ENDMSG 2221 @!@!@
@!@!@STARTMSG 2221:0 @!@!@
  line 763, col 61 to line 765, col 89 of module ServicesConsistencyPlusCal: 0
@!@!@ENDMSG 2221 @!@!@
@!@!@STARTMSG 2221:0 @!@!@
  line 766, col 50 to line 767, col 80 of module ServicesConsistencyPlusCal: 0
@!@!@ENDMSG 2221 @!@!@
@!@!@STARTMSG 2221:0 @!@!@
  line 768, col 53 to line 768, col 71 of module ServicesConsistencyPlusCal: 33
@!@!@ENDMSG 2221 @!@!@
@!@!@STARTMSG 2221:0 @!@!@
  line 770, col 72 to line 770, col 128 of module ServicesConsistencyPlusCal: 0
@!@!@ENDMSG 2221 @!@!@
@!@!@STARTMSG 2221:0 @!@!@
  line 771, col 72 to line 771, col 120 of module ServicesConsistencyPlusCal: 0
@!@!@ENDMSG 2221 @!@!@
@!@!@STARTMSG 2221:0 @!@!@
  line 772, col 72 to line 772, col 96 of module ServicesConsistencyPlusCal: 0
@!@!@ENDMSG 2221 @!@!@
@!@!@STARTMSG 2221:0 @!@!@
  line 773, col 72 to line 773, col 116 of module ServicesConsistencyPlusCal: 0
@!@!@ENDMSG 2221 @!@!@
@!@!@STARTMSG 2221:0 @!@!@
  line 775, col 83 to line 775, col 121 of module ServicesConsistencyPlusCal: 0
@!@!@ENDMSG 2221 @!@!@
@!@!@STARTMSG 2221:0 @!@!@
  line 776, col 83 to line 776, col 114 of module ServicesConsistencyPlusCal: 0
@!@!@ENDMSG 2221 @!@!@
@!@!@STARTMSG 2221:0 @!@!@
  line 777, col 72 to line 779, col 100 of module ServicesConsistencyPlusCal: 0
@!@!@ENDMSG 2221 @!@!@
@!@!@STARTMSG 2221:0 @!@!@
  line 780, col 61 to line 781, col 91 of module ServicesConsistencyPlusCal: 0
@!@!@ENDMSG 2221 @!@!@
@!@!@STARTMSG 2221:0 @!@!@
  line 782, col 64 to line 782, col 85 of module ServicesConsistencyPlusCal: 33
@!@!@ENDMSG 2221 @!@!@
@!@!@STARTMSG 2221:0 @!@!@
  line 783, col 75 to line 783, col 99 of module ServicesConsistencyPlusCal: 10
@!@!@ENDMSG 2221 @!@!@
@!@!@STARTMSG 2221:0 @!@!@
  line 784, col 86 to line 784, col 120 of module ServicesConsistencyPlusCal: 10
@!@!@ENDMSG 2221 @!@!@
@!@!@STARTMSG 2221:0 @!@!@
  line 785, col 91 to line 788, col 142 of module ServicesConsistencyPlusCal: 10
@!@!@ENDMSG 2221 @!@!@
@!@!@STARTMSG 2221:0 @!@!@
  line 789, col 94 to line 789, col 118 of module ServicesConsistencyPlusCal: 0
@!@!@ENDMSG 2221 @!@!@
@!@!@STARTMSG 2221:0 @!@!@
  line 790, col 94 to line 790, col 143 of module ServicesConsistencyPlusCal: 0
@!@!@ENDMSG 2221 @!@!@
@!@!@STARTMSG 2221:0 @!@!@
  line 791, col 94 to line 792, col 124 of module ServicesConsistencyPlusCal: 0
@!@!@ENDMSG 2221 @!@!@
@!@!@STARTMSG 2221:0 @!@!@
  line 793, col 83 to line 793, col 107 of module ServicesConsistencyPlusCal: 10
@!@!@ENDMSG 2221 @!@!@
@!@!@STARTMSG 2221:0 @!@!@
  line 795, col 94 to line 795, col 149 of module ServicesConsistencyPlusCal: 0
@!@!@ENDMSG 2221 @!@!@
@!@!@STARTMSG 2221:0 @!@!@
  line 797, col 94 to line 797, col 118 of module ServicesConsistencyPlusCal: 0
@!@!@ENDMSG 2221 @!@!@
@!@!@STARTMSG 2221:0 @!@!@
  line 798, col 83 to line 798, col 114 of module ServicesConsistencyPlusCal: 0
@!@!@ENDMSG 2221 @!@!@
@!@!@STARTMSG 2221:0 @!@!@
  line 799, col 83 to line 801, col 111 of module ServicesConsistencyPlusCal: 0
@!@!@ENDMSG 2221 @!@!@
@!@!@STARTMSG 2221:0 @!@!@
  line 802, col 75 to line 802, col 98 of module ServicesConsistencyPlusCal: 23
@!@!@ENDMSG 2221 @!@!@
@!@!@STARTMSG 2221:0 @!@!@
  line 803, col 86 to line 803, col 112 of module ServicesConsistencyPlusCal: 23
@!@!@ENDMSG 2221 @!@!@
@!@!@STARTMSG 2221:0 @!@!@
  line 804, col 94 to line 804, col 142 of module ServicesConsistencyPlusCal: 12
@!@!@ENDMSG 2221 @!@!@
@!@!@STARTMSG 2221:0 @!@!@
  line 805, col 94 to line 805, col 150 of module ServicesConsistencyPlusCal: 12
@!@!@ENDMSG 2221 @!@!@
@!@!@STARTMSG 2221:0 @!@!@
  line 806, col 94 to line 806, col 123 of module ServicesConsistencyPlusCal: 12
@!@!@ENDMSG 2221 @!@!@
@!@!@STARTMSG 2221:0 @!@!@
  line 807, col 94 to line 807, col 144 of module ServicesConsistencyPlusCal: 12
@!@!@ENDMSG 2221 @!@!@
@!@!@STARTMSG 2221:0 @!@!@
  line 808, col 94 to line 808, col 118 of module ServicesConsistencyPlusCal: 12
@!@!@ENDMSG 2221 @!@!@
@!@!@STARTMSG 2221:0 @!@!@
  line 809, col 97 to line 809, col 139 of module ServicesConsistencyPlusCal: 11
@!@!@ENDMSG 2221 @!@!@
@!@!@STARTMSG 2221:0 @!@!@
  line 810, col 102 to line 810, col 162 of module ServicesConsistencyPlusCal: 11
@!@!@ENDMSG 2221 @!@!@
@!@!@STARTMSG 2221:0 @!@!@
  line 812, col 105 to line 812, col 129 of module ServicesConsistencyPlusCal: 0
@!@!@ENDMSG 2221 @!@!@
@!@!@STARTMSG 2221:0 @!@!@
  line 813, col 94 to line 813, col 125 of module ServicesConsistencyPlusCal: 11
@!@!@ENDMSG 2221 @!@!@
@!@!@STARTMSG 2221:0 @!@!@
  line 814, col 94 to line 816, col 122 of module ServicesConsistencyPlusCal: 11
@!@!@ENDMSG 2221 @!@!@
@!@!@STARTMSG 2221:0 @!@!@
  line 817, col 83 to line 817, col 114 of module ServicesConsistencyPlusCal: 0
@!@!@ENDMSG 2221 @!@!@
@!@!@STARTMSG 2221:0 @!@!@
  line 818, col 83 to line 821, col 113 of module ServicesConsistencyPlusCal: 0
@!@!@ENDMSG 2221 @!@!@
@!@!@STARTMSG 2221:0 @!@!@
  line 822, col 61 to line 822, col 85 of module ServicesConsistencyPlusCal: 33
@!@!@ENDMSG 2221 @!@!@
@!@!@STARTMSG 2221:0 @!@!@
  line 823, col 28 to line 827, col 71 of module ServicesConsistencyPlusCal: 33
@!@!@ENDMSG 2221 @!@!@
@!@!@STARTMSG 2772:0 @!@!@
<PrepareSuccessResponse_ line 829, col 1 to line 829, col 23 of module ServicesConsistencyPlusCal>: 0:0
@!@!@ENDMSG 2772 @!@!@
@!@!@STARTMSG 2221:0 @!@!@
  line 829, col 31 to line 829, col 63 of module ServicesConsistencyPlusCal: 213
@!@!@ENDMSG 2221 @!@!@
@!@!@STARTMSG 2221:0 @!@!@
  line 830, col 31 to line 830, col 85 of module ServicesConsistencyPlusCal: 0
@!@!@ENDMSG 2221 @!@!@
@!@!@STARTMSG 2221:0 @!@!@
  line 831, col 31 to line 831, col 62 of module ServicesConsistencyPlusCal: 0
@!@!@ENDMSG 2221 @!@!@
@!@!@STARTMSG 2221:0 @!@!@
  line 832, col 31 to line 838, col 53 of module ServicesConsistencyPlusCal: 0
@!@!@ENDMSG 2221 @!@!@
@!@!@STARTMSG 2772:0 @!@!@
<PrepareFailedResponse_ line 840, col 1 to line 840, col 22 of module ServicesConsistencyPlusCal>: 0:0
@!@!@ENDMSG 2772 @!@!@
@!@!@STARTMSG 2221:0 @!@!@
  line 840, col 30 to line 840, col 61 of module ServicesConsistencyPlusCal: 213
@!@!@ENDMSG 2221 @!@!@
@!@!@STARTMSG 2221:0 @!@!@
  line 841, col 30 to line 841, col 88 of module ServicesConsistencyPlusCal: 0
@!@!@ENDMSG 2221 @!@!@
@!@!@STARTMSG 2221:0 @!@!@
  line 842, col 30 to line 842, col 61 of module ServicesConsistencyPlusCal: 0
@!@!@ENDMSG 2221 @!@!@
@!@!@STARTMSG 2221:0 @!@!@
  line 843, col 30 to line 849, col 52 of module ServicesConsistencyPlusCal: 0
@!@!@ENDMSG 2221 @!@!@
@!@!@STARTMSG 2772:0 @!@!@
<ReplyCommitResponse_ line 851, col 1 to line 851, col 20 of module ServicesConsistencyPlusCal>: 0:0
@!@!@ENDMSG 2772 @!@!@
@!@!@STARTMSG 2221:0 @!@!@
  line 851, col 28 to line 851, col 57 of module ServicesConsistencyPlusCal: 213
@!@!@ENDMSG 2221 @!@!@
@!@!@STARTMSG 2221:0 @!@!@
  line 852, col 28 to line 852, col 81 of module ServicesConsistencyPlusCal: 0
@!@!@ENDMSG 2221 @!@!@
@!@!@STARTMSG 2221:0 @!@!@
  line 853, col 28 to line 853, col 59 of module ServicesConsistencyPlusCal: 0
@!@!@ENDMSG 2221 @!@!@
@!@!@STARTMSG 2221:0 @!@!@
  line 854, col 28 to line 860, col 50 of module ServicesConsistencyPlusCal: 0
@!@!@ENDMSG 2221 @!@!@
@!@!@STARTMSG 2772:0 @!@!@
<ReplyCommitResponse2_ line 862, col 1 to line 862, col 21 of module ServicesConsistencyPlusCal>: 0:0
@!@!@ENDMSG 2772 @!@!@
@!@!@STARTMSG 2221:0 @!@!@
  line 862, col 29 to line 862, col 59 of module ServicesConsistencyPlusCal: 213
@!@!@ENDMSG 2221 @!@!@
@!@!@STARTMSG 2221:0 @!@!@
  line 863, col 29 to line 863, col 82 of module ServicesConsistencyPlusCal: 0
@!@!@ENDMSG 2221 @!@!@
@!@!@STARTMSG 2221:0 @!@!@
  line 864, col 29 to line 864, col 60 of module ServicesConsistencyPlusCal: 0
@!@!@ENDMSG 2221 @!@!@
@!@!@STARTMSG 2221:0 @!@!@
  line 865, col 29 to line 871, col 51 of module ServicesConsistencyPlusCal: 0
@!@!@ENDMSG 2221 @!@!@
@!@!@STARTMSG 2772:0 @!@!@
<ReplyAbortMessage_ line 873, col 1 to line 873, col 18 of module ServicesConsistencyPlusCal>: 0:0
@!@!@ENDMSG 2772 @!@!@
@!@!@STARTMSG 2221:0 @!@!@
  line 873, col 26 to line 873, col 53 of module ServicesConsistencyPlusCal: 213
@!@!@ENDMSG 2221 @!@!@
@!@!@STARTMSG 2221:0 @!@!@
  line 874, col 26 to line 874, col 78 of module ServicesConsistencyPlusCal: 0
@!@!@ENDMSG 2221 @!@!@
@!@!@STARTMSG 2221:0 @!@!@
  line 875, col 26 to line 875, col 57 of module ServicesConsistencyPlusCal: 0
@!@!@ENDMSG 2221 @!@!@
@!@!@STARTMSG 2221:0 @!@!@
  line 876, col 26 to line 882, col 48 of module ServicesConsistencyPlusCal: 0
@!@!@ENDMSG 2221 @!@!@
@!@!@STARTMSG 2772:0 @!@!@
<ReplyAbort2_ line 884, col 1 to line 884, col 12 of module ServicesConsistencyPlusCal>: 0:0
@!@!@ENDMSG 2772 @!@!@
@!@!@STARTMSG 2221:0 @!@!@
  line 884, col 20 to line 884, col 41 of module ServicesConsistencyPlusCal: 213
@!@!@ENDMSG 2221 @!@!@
@!@!@STARTMSG 2221:0 @!@!@
  line 885, col 20 to line 885, col 72 of module ServicesConsistencyPlusCal: 0
@!@!@ENDMSG 2221 @!@!@
@!@!@STARTMSG 2221:0 @!@!@
  line 886, col 20 to line 886, col 51 of module ServicesConsistencyPlusCal: 0
@!@!@ENDMSG 2221 @!@!@
@!@!@STARTMSG 2221:0 @!@!@
  line 887, col 20 to line 892, col 53 of module ServicesConsistencyPlusCal: 0
@!@!@ENDMSG 2221 @!@!@
@!@!@STARTMSG 2772:0 @!@!@
<ReplyCheckoutResponse_ line 894, col 1 to line 894, col 22 of module ServicesConsistencyPlusCal>: 8:10
@!@!@ENDMSG 2772 @!@!@
@!@!@STARTMSG 2221:0 @!@!@
  line 894, col 30 to line 894, col 61 of module ServicesConsistencyPlusCal: 223
@!@!@ENDMSG 2221 @!@!@
@!@!@STARTMSG 2221:0 @!@!@
  |line 894, col 30 to line 894, col 34 of module ServicesConsistencyPlusCal: 213
@!@!@ENDMSG 2221 @!@!@
@!@!@STARTMSG 2221:0 @!@!@
  line 895, col 30 to line 895, col 85 of module ServicesConsistencyPlusCal: 10
@!@!@ENDMSG 2221 @!@!@
@!@!@STARTMSG 2221:0 @!@!@
  line 896, col 30 to line 896, col 61 of module ServicesConsistencyPlusCal: 10
@!@!@ENDMSG 2221 @!@!@
@!@!@STARTMSG 2221:0 @!@!@
  line 897, col 30 to line 903, col 52 of module ServicesConsistencyPlusCal: 10
@!@!@ENDMSG 2221 @!@!@
@!@!@STARTMSG 2772:0 @!@!@
<FailedCheckoutResponse_ line 905, col 1 to line 905, col 23 of module ServicesConsistencyPlusCal>: 0:0
@!@!@ENDMSG 2772 @!@!@
@!@!@STARTMSG 2221:0 @!@!@
  line 905, col 31 to line 905, col 63 of module ServicesConsistencyPlusCal: 213
@!@!@ENDMSG 2221 @!@!@
@!@!@STARTMSG 2221:0 @!@!@
  line 906, col 31 to line 906, col 90 of module ServicesConsistencyPlusCal: 0
@!@!@ENDMSG 2221 @!@!@
@!@!@STARTMSG 2221:0 @!@!@
  line 907, col 31 to line 907, col 62 of module ServicesConsistencyPlusCal: 0
@!@!@ENDMSG 2221 @!@!@
@!@!@STARTMSG 2221:0 @!@!@
  line 908, col 31 to line 914, col 53 of module ServicesConsistencyPlusCal: 0
@!@!@ENDMSG 2221 @!@!@
@!@!@STARTMSG 2772:0 @!@!@
<ReplyCompensateResponse_ line 916, col 1 to line 916, col 24 of module ServicesConsistencyPlusCal>: 8:10
@!@!@ENDMSG 2772 @!@!@
@!@!@STARTMSG 2221:0 @!@!@
  line 916, col 32 to line 916, col 65 of module ServicesConsistencyPlusCal: 223
@!@!@ENDMSG 2221 @!@!@
@!@!@STARTMSG 2221:0 @!@!@
  |line 916, col 32 to line 916, col 36 of module ServicesConsistencyPlusCal: 213
@!@!@ENDMSG 2221 @!@!@
@!@!@STARTMSG 2221:0 @!@!@
  line 917, col 32 to line 917, col 89 of module ServicesConsistencyPlusCal: 10
@!@!@ENDMSG 2221 @!@!@
@!@!@STARTMSG 2221:0 @!@!@
  line 918, col 32 to line 918, col 63 of module ServicesConsistencyPlusCal: 10
@!@!@ENDMSG 2221 @!@!@
@!@!@STARTMSG 2221:0 @!@!@
  line 919, col 32 to line 925, col 75 of module ServicesConsistencyPlusCal: 10
@!@!@ENDMSG 2221 @!@!@
@!@!@STARTMSG 2772:0 @!@!@
<step_ line 927, col 1 to line 927, col 5 of module ServicesConsistencyPlusCal>: 35:69
@!@!@ENDMSG 2772 @!@!@
@!@!@STARTMSG 2221:0 @!@!@
  line 927, col 13 to line 927, col 27 of module ServicesConsistencyPlusCal: 282
@!@!@ENDMSG 2221 @!@!@
@!@!@STARTMSG 2221:0 @!@!@
  |line 927, col 13 to line 927, col 17 of module ServicesConsistencyPlusCal: 213
@!@!@ENDMSG 2221 @!@!@
@!@!@STARTMSG 2221:0 @!@!@
  line 928, col 13 to line 928, col 51 of module ServicesConsistencyPlusCal: 69
@!@!@ENDMSG 2221 @!@!@
@!@!@STARTMSG 2221:0 @!@!@
  line 929, col 13 to line 933, col 56 of module ServicesConsistencyPlusCal: 69
@!@!@ENDMSG 2221 @!@!@
@!@!@STARTMSG 2772:0 @!@!@
<StockStart line 942, col 1 to line 942, col 10 of module ServicesConsistencyPlusCal>: 7:18
@!@!@ENDMSG 2772 @!@!@
@!@!@STARTMSG 2221:0 @!@!@
  line 942, col 18 to line 942, col 37 of module ServicesConsistencyPlusCal: 231
@!@!@ENDMSG 2221 @!@!@
@!@!@STARTMSG 2221:0 @!@!@
  |line 942, col 18 to line 942, col 22 of module ServicesConsistencyPlusCal: 213
@!@!@ENDMSG 2221 @!@!@
@!@!@STARTMSG 2221:0 @!@!@
  line 943, col 18 to line 943, col 39 of module ServicesConsistencyPlusCal: 112
@!@!@ENDMSG 2221 @!@!@
@!@!@STARTMSG 2221:0 @!@!@
  |line 943, col 18 to line 943, col 32 of module ServicesConsistencyPlusCal: 104
@!@!@ENDMSG 2221 @!@!@
@!@!@STARTMSG 2221:0 @!@!@
  |line 943, col 36 to line 943, col 39 of module ServicesConsistencyPlusCal: 104
@!@!@ENDMSG 2221 @!@!@
@!@!@STARTMSG 2221:0 @!@!@
  line 943, col 44 to line 943, col 47 of module ServicesConsistencyPlusCal: 10
@!@!@ENDMSG 2221 @!@!@
@!@!@STARTMSG 2221:0 @!@!@
  line 944, col 21 to line 944, col 24 of module ServicesConsistencyPlusCal: 18
@!@!@ENDMSG 2221 @!@!@
@!@!@STARTMSG 2221:0 @!@!@
  line 945, col 29 to line 945, col 59 of module ServicesConsistencyPlusCal: 10
@!@!@ENDMSG 2221 @!@!@
@!@!@STARTMSG 2221:0 @!@!@
  line 946, col 29 to line 946, col 68 of module ServicesConsistencyPlusCal: 10
@!@!@ENDMSG 2221 @!@!@
@!@!@STARTMSG 2221:0 @!@!@
  line 947, col 26 to line 949, col 73 of module ServicesConsistencyPlusCal: 8
@!@!@ENDMSG 2221 @!@!@
@!@!@STARTMSG 2221:0 @!@!@
  line 950, col 18 to line 955, col 42 of module ServicesConsistencyPlusCal: 18
@!@!@ENDMSG 2221 @!@!@
@!@!@STARTMSG 2772:0 @!@!@
<StockReqProcessing line 957, col 1 to line 957, col 18 of module ServicesConsistencyPlusCal>: 5:8
@!@!@ENDMSG 2772 @!@!@
@!@!@STARTMSG 2221:0 @!@!@
  line 957, col 26 to line 957, col 53 of module ServicesConsistencyPlusCal: 221
@!@!@ENDMSG 2221 @!@!@
@!@!@STARTMSG 2221:0 @!@!@
  |line 957, col 26 to line 957, col 30 of module ServicesConsistencyPlusCal: 213
@!@!@ENDMSG 2221 @!@!@
@!@!@STARTMSG 2221:0 @!@!@
  line 958, col 29 to line 958, col 47 of module ServicesConsistencyPlusCal: 8
@!@!@ENDMSG 2221 @!@!@
@!@!@STARTMSG 2221:0 @!@!@
  line 961, col 59 to line 961, col 107 of module ServicesConsistencyPlusCal: 0
@!@!@ENDMSG 2221 @!@!@
@!@!@STARTMSG 2221:0 @!@!@
  line 962, col 59 to line 962, col 97 of module ServicesConsistencyPlusCal: 0
@!@!@ENDMSG 2221 @!@!@
@!@!@STARTMSG 2221:0 @!@!@
  line 963, col 59 to line 963, col 83 of module ServicesConsistencyPlusCal: 0
@!@!@ENDMSG 2221 @!@!@
@!@!@STARTMSG 2221:0 @!@!@
  line 964, col 59 to line 964, col 107 of module ServicesConsistencyPlusCal: 0
@!@!@ENDMSG 2221 @!@!@
@!@!@STARTMSG 2221:0 @!@!@
  line 965, col 59 to line 965, col 81 of module ServicesConsistencyPlusCal: 0
@!@!@ENDMSG 2221 @!@!@
@!@!@STARTMSG 2221:0 @!@!@
  line 966, col 59 to line 966, col 106 of module ServicesConsistencyPlusCal: 0
@!@!@ENDMSG 2221 @!@!@
@!@!@STARTMSG 2221:0 @!@!@
  line 967, col 59 to line 968, col 83 of module ServicesConsistencyPlusCal: 0
@!@!@ENDMSG 2221 @!@!@
@!@!@STARTMSG 2221:0 @!@!@
  line 969, col 48 to line 969, col 72 of module ServicesConsistencyPlusCal: 0
@!@!@ENDMSG 2221 @!@!@
@!@!@STARTMSG 2221:0 @!@!@
  line 971, col 59 to line 971, col 113 of module ServicesConsistencyPlusCal: 0
@!@!@ENDMSG 2221 @!@!@
@!@!@STARTMSG 2221:0 @!@!@
  line 973, col 59 to line 973, col 83 of module ServicesConsistencyPlusCal: 0
@!@!@ENDMSG 2221 @!@!@
@!@!@STARTMSG 2221:0 @!@!@
  line 974, col 48 to line 974, col 78 of module ServicesConsistencyPlusCal: 0
@!@!@ENDMSG 2221 @!@!@
@!@!@STARTMSG 2221:0 @!@!@
  line 975, col 48 to line 977, col 74 of module ServicesConsistencyPlusCal: 0
@!@!@ENDMSG 2221 @!@!@
@!@!@STARTMSG 2221:0 @!@!@
  line 978, col 37 to line 978, col 55 of module ServicesConsistencyPlusCal: 0
@!@!@ENDMSG 2221 @!@!@
@!@!@STARTMSG 2221:0 @!@!@
  line 979, col 40 to line 979, col 57 of module ServicesConsistencyPlusCal: 8
@!@!@ENDMSG 2221 @!@!@
@!@!@STARTMSG 2221:0 @!@!@
  line 981, col 59 to line 981, col 97 of module ServicesConsistencyPlusCal: 0
@!@!@ENDMSG 2221 @!@!@
@!@!@STARTMSG 2221:0 @!@!@
  line 982, col 59 to line 982, col 97 of module ServicesConsistencyPlusCal: 0
@!@!@ENDMSG 2221 @!@!@
@!@!@STARTMSG 2221:0 @!@!@
  line 983, col 59 to line 983, col 84 of module ServicesConsistencyPlusCal: 0
@!@!@ENDMSG 2221 @!@!@
@!@!@STARTMSG 2221:0 @!@!@
  line 984, col 59 to line 984, col 104 of module ServicesConsistencyPlusCal: 0
@!@!@ENDMSG 2221 @!@!@
@!@!@STARTMSG 2221:0 @!@!@
  line 986, col 70 to line 986, col 116 of module ServicesConsistencyPlusCal: 0
@!@!@ENDMSG 2221 @!@!@
@!@!@STARTMSG 2221:0 @!@!@
  line 987, col 70 to line 987, col 100 of module ServicesConsistencyPlusCal: 0
@!@!@ENDMSG 2221 @!@!@
@!@!@STARTMSG 2221:0 @!@!@
  line 988, col 59 to line 990, col 85 of module ServicesConsistencyPlusCal: 0
@!@!@ENDMSG 2221 @!@!@
@!@!@STARTMSG 2221:0 @!@!@
  line 991, col 48 to line 992, col 78 of module ServicesConsistencyPlusCal: 0
@!@!@ENDMSG 2221 @!@!@
@!@!@STARTMSG 2221:0 @!@!@
  line 993, col 51 to line 993, col 67 of module ServicesConsistencyPlusCal: 8
@!@!@ENDMSG 2221 @!@!@
@!@!@STARTMSG 2221:0 @!@!@
  line 995, col 70 to line 995, col 108 of module ServicesConsistencyPlusCal: 0
@!@!@ENDMSG 2221 @!@!@
@!@!@STARTMSG 2221:0 @!@!@
  line 996, col 70 to line 996, col 118 of module ServicesConsistencyPlusCal: 0
@!@!@ENDMSG 2221 @!@!@
@!@!@STARTMSG 2221:0 @!@!@
  line 997, col 70 to line 997, col 92 of module ServicesConsistencyPlusCal: 0
@!@!@ENDMSG 2221 @!@!@
@!@!@STARTMSG 2221:0 @!@!@
  line 998, col 70 to line 998, col 113 of module ServicesConsistencyPlusCal: 0
@!@!@ENDMSG 2221 @!@!@
@!@!@STARTMSG 2221:0 @!@!@
  line 1000, col 81 to line 1000, col 118 of module ServicesConsistencyPlusCal: 0
@!@!@ENDMSG 2221 @!@!@
@!@!@STARTMSG 2221:0 @!@!@
  line 1001, col 81 to line 1001, col 111 of module ServicesConsistencyPlusCal: 0
@!@!@ENDMSG 2221 @!@!@
@!@!@STARTMSG 2221:0 @!@!@
  line 1002, col 70 to line 1004, col 96 of module ServicesConsistencyPlusCal: 0
@!@!@ENDMSG 2221 @!@!@
@!@!@STARTMSG 2221:0 @!@!@
  line 1005, col 59 to line 1006, col 89 of module ServicesConsistencyPlusCal: 0
@!@!@ENDMSG 2221 @!@!@
@!@!@STARTMSG 2221:0 @!@!@
  line 1007, col 62 to line 1007, col 81 of module ServicesConsistencyPlusCal: 8
@!@!@ENDMSG 2221 @!@!@
@!@!@STARTMSG 2221:0 @!@!@
  line 1008, col 73 to line 1008, col 95 of module ServicesConsistencyPlusCal: 8
@!@!@ENDMSG 2221 @!@!@
@!@!@STARTMSG 2221:0 @!@!@
  line 1009, col 84 to line 1009, col 115 of module ServicesConsistencyPlusCal: 8
@!@!@ENDMSG 2221 @!@!@
@!@!@STARTMSG 2221:0 @!@!@
  line 1010, col 92 to line 1010, col 140 of module ServicesConsistencyPlusCal: 0
@!@!@ENDMSG 2221 @!@!@
@!@!@STARTMSG 2221:0 @!@!@
  line 1011, col 92 to line 1011, col 130 of module ServicesConsistencyPlusCal: 0
@!@!@ENDMSG 2221 @!@!@
@!@!@STARTMSG 2221:0 @!@!@
  line 1012, col 92 to line 1012, col 117 of module ServicesConsistencyPlusCal: 0
@!@!@ENDMSG 2221 @!@!@
@!@!@STARTMSG 2221:0 @!@!@
  line 1013, col 92 to line 1013, col 139 of module ServicesConsistencyPlusCal: 0
@!@!@ENDMSG 2221 @!@!@
@!@!@STARTMSG 2221:0 @!@!@
  line 1014, col 92 to line 1014, col 114 of module ServicesConsistencyPlusCal: 8
@!@!@ENDMSG 2221 @!@!@
@!@!@STARTMSG 2221:0 @!@!@
  line 1015, col 92 to line 1015, col 140 of module ServicesConsistencyPlusCal: 8
@!@!@ENDMSG 2221 @!@!@
@!@!@STARTMSG 2221:0 @!@!@
  line 1016, col 92 to line 1017, col 116 of module ServicesConsistencyPlusCal: 8
@!@!@ENDMSG 2221 @!@!@
@!@!@STARTMSG 2221:0 @!@!@
  line 1018, col 81 to line 1018, col 105 of module ServicesConsistencyPlusCal: 8
@!@!@ENDMSG 2221 @!@!@
@!@!@STARTMSG 2221:0 @!@!@
  line 1020, col 92 to line 1020, col 147 of module ServicesConsistencyPlusCal: 0
@!@!@ENDMSG 2221 @!@!@
@!@!@STARTMSG 2221:0 @!@!@
  line 1022, col 92 to line 1022, col 116 of module ServicesConsistencyPlusCal: 0
@!@!@ENDMSG 2221 @!@!@
@!@!@STARTMSG 2221:0 @!@!@
  line 1023, col 81 to line 1023, col 111 of module ServicesConsistencyPlusCal: 0
@!@!@ENDMSG 2221 @!@!@
@!@!@STARTMSG 2221:0 @!@!@
  line 1024, col 81 to line 1026, col 107 of module ServicesConsistencyPlusCal: 0
@!@!@ENDMSG 2221 @!@!@
@!@!@STARTMSG 2221:0 @!@!@
  line 1029, col 92 to line 1029, col 140 of module ServicesConsistencyPlusCal: 0
@!@!@ENDMSG 2221 @!@!@
@!@!@STARTMSG 2221:0 @!@!@
  line 1030, col 92 to line 1030, col 130 of module ServicesConsistencyPlusCal: 0
@!@!@ENDMSG 2221 @!@!@
@!@!@STARTMSG 2221:0 @!@!@
  line 1031, col 92 to line 1031, col 119 of module ServicesConsistencyPlusCal: 0
@!@!@ENDMSG 2221 @!@!@
@!@!@STARTMSG 2221:0 @!@!@
  line 1032, col 92 to line 1032, col 141 of module ServicesConsistencyPlusCal: 0
@!@!@ENDMSG 2221 @!@!@
@!@!@STARTMSG 2221:0 @!@!@
  line 1033, col 92 to line 1033, col 116 of module ServicesConsistencyPlusCal: 0
@!@!@ENDMSG 2221 @!@!@
@!@!@STARTMSG 2221:0 @!@!@
  line 1035, col 103 to line 1035, col 160 of module ServicesConsistencyPlusCal: 0
@!@!@ENDMSG 2221 @!@!@
@!@!@STARTMSG 2221:0 @!@!@
  line 1037, col 103 to line 1037, col 127 of module ServicesConsistencyPlusCal: 0
@!@!@ENDMSG 2221 @!@!@
@!@!@STARTMSG 2221:0 @!@!@
  line 1038, col 92 to line 1038, col 122 of module ServicesConsistencyPlusCal: 0
@!@!@ENDMSG 2221 @!@!@
@!@!@STARTMSG 2221:0 @!@!@
  line 1039, col 92 to line 1041, col 118 of module ServicesConsistencyPlusCal: 0
@!@!@ENDMSG 2221 @!@!@
@!@!@STARTMSG 2221:0 @!@!@
  line 1042, col 81 to line 1042, col 111 of module ServicesConsistencyPlusCal: 0
@!@!@ENDMSG 2221 @!@!@
@!@!@STARTMSG 2221:0 @!@!@
  line 1043, col 81 to line 1046, col 111 of module ServicesConsistencyPlusCal: 0
@!@!@ENDMSG 2221 @!@!@
@!@!@STARTMSG 2221:0 @!@!@
  line 1047, col 59 to line 1047, col 77 of module ServicesConsistencyPlusCal: 8
@!@!@ENDMSG 2221 @!@!@
@!@!@STARTMSG 2221:0 @!@!@
  line 1048, col 26 to line 1052, col 69 of module ServicesConsistencyPlusCal: 8
@!@!@ENDMSG 2221 @!@!@
@!@!@STARTMSG 2772:0 @!@!@
<PrepareSuccessResponse line 1054, col 1 to line 1054, col 22 of module ServicesConsistencyPlusCal>: 0:0
@!@!@ENDMSG 2772 @!@!@
@!@!@STARTMSG 2221:0 @!@!@
  line 1054, col 30 to line 1054, col 61 of module ServicesConsistencyPlusCal: 213
@!@!@ENDMSG 2221 @!@!@
@!@!@STARTMSG 2221:0 @!@!@
  line 1055, col 30 to line 1055, col 84 of module ServicesConsistencyPlusCal: 0
@!@!@ENDMSG 2221 @!@!@
@!@!@STARTMSG 2221:0 @!@!@
  line 1056, col 30 to line 1056, col 60 of module ServicesConsistencyPlusCal: 0
@!@!@ENDMSG 2221 @!@!@
@!@!@STARTMSG 2221:0 @!@!@
  line 1057, col 30 to line 1063, col 52 of module ServicesConsistencyPlusCal: 0
@!@!@ENDMSG 2221 @!@!@
@!@!@STARTMSG 2772:0 @!@!@
<PrepareFailedResponse line 1065, col 1 to line 1065, col 21 of module ServicesConsistencyPlusCal>: 0:0
@!@!@ENDMSG 2772 @!@!@
@!@!@STARTMSG 2221:0 @!@!@
  line 1065, col 29 to line 1065, col 59 of module ServicesConsistencyPlusCal: 213
@!@!@ENDMSG 2221 @!@!@
@!@!@STARTMSG 2221:0 @!@!@
  line 1066, col 29 to line 1066, col 87 of module ServicesConsistencyPlusCal: 0
@!@!@ENDMSG 2221 @!@!@
@!@!@STARTMSG 2221:0 @!@!@
  line 1067, col 29 to line 1067, col 59 of module ServicesConsistencyPlusCal: 0
@!@!@ENDMSG 2221 @!@!@
@!@!@STARTMSG 2221:0 @!@!@
  line 1068, col 29 to line 1074, col 51 of module ServicesConsistencyPlusCal: 0
@!@!@ENDMSG 2221 @!@!@
@!@!@STARTMSG 2772:0 @!@!@
<ReplyCommitResponse line 1076, col 1 to line 1076, col 19 of module ServicesConsistencyPlusCal>: 0:0
@!@!@ENDMSG 2772 @!@!@
@!@!@STARTMSG 2221:0 @!@!@
  line 1076, col 27 to line 1076, col 55 of module ServicesConsistencyPlusCal: 213
@!@!@ENDMSG 2221 @!@!@
@!@!@STARTMSG 2221:0 @!@!@
  line 1077, col 27 to line 1077, col 80 of module ServicesConsistencyPlusCal: 0
@!@!@ENDMSG 2221 @!@!@
@!@!@STARTMSG 2221:0 @!@!@
  line 1078, col 27 to line 1078, col 57 of module ServicesConsistencyPlusCal: 0
@!@!@ENDMSG 2221 @!@!@
@!@!@STARTMSG 2221:0 @!@!@
  line 1079, col 27 to line 1085, col 49 of module ServicesConsistencyPlusCal: 0
@!@!@ENDMSG 2221 @!@!@
@!@!@STARTMSG 2772:0 @!@!@
<ReplyCommitResponse2 line 1087, col 1 to line 1087, col 20 of module ServicesConsistencyPlusCal>: 0:0
@!@!@ENDMSG 2772 @!@!@
@!@!@STARTMSG 2221:0 @!@!@
  line 1087, col 28 to line 1087, col 57 of module ServicesConsistencyPlusCal: 213
@!@!@ENDMSG 2221 @!@!@
@!@!@STARTMSG 2221:0 @!@!@
  line 1088, col 28 to line 1088, col 81 of module ServicesConsistencyPlusCal: 0
@!@!@ENDMSG 2221 @!@!@
@!@!@STARTMSG 2221:0 @!@!@
  line 1089, col 28 to line 1089, col 58 of module ServicesConsistencyPlusCal: 0
@!@!@ENDMSG 2221 @!@!@
@!@!@STARTMSG 2221:0 @!@!@
  line 1090, col 28 to line 1096, col 50 of module ServicesConsistencyPlusCal: 0
@!@!@ENDMSG 2221 @!@!@
@!@!@STARTMSG 2772:0 @!@!@
<ReplyAbortMessage line 1098, col 1 to line 1098, col 17 of module ServicesConsistencyPlusCal>: 0:0
@!@!@ENDMSG 2772 @!@!@
@!@!@STARTMSG 2221:0 @!@!@
  line 1098, col 25 to line 1098, col 51 of module ServicesConsistencyPlusCal: 213
@!@!@ENDMSG 2221 @!@!@
@!@!@STARTMSG 2221:0 @!@!@
  line 1099, col 25 to line 1099, col 77 of module ServicesConsistencyPlusCal: 0
@!@!@ENDMSG 2221 @!@!@
@!@!@STARTMSG 2221:0 @!@!@
  line 1100, col 25 to line 1100, col 55 of module ServicesConsistencyPlusCal: 0
@!@!@ENDMSG 2221 @!@!@
@!@!@STARTMSG 2221:0 @!@!@
  line 1101, col 25 to line 1107, col 47 of module ServicesConsistencyPlusCal: 0
@!@!@ENDMSG 2221 @!@!@
@!@!@STARTMSG 2772:0 @!@!@
<ReplyAbort2 line 1109, col 1 to line 1109, col 11 of module ServicesConsistencyPlusCal>: 0:0
@!@!@ENDMSG 2772 @!@!@
@!@!@STARTMSG 2221:0 @!@!@
  line 1109, col 19 to line 1109, col 39 of module ServicesConsistencyPlusCal: 213
@!@!@ENDMSG 2221 @!@!@
@!@!@STARTMSG 2221:0 @!@!@
  line 1110, col 19 to line 1110, col 71 of module ServicesConsistencyPlusCal: 0
@!@!@ENDMSG 2221 @!@!@
@!@!@STARTMSG 2221:0 @!@!@
  line 1111, col 19 to line 1111, col 49 of module ServicesConsistencyPlusCal: 0
@!@!@ENDMSG 2221 @!@!@
@!@!@STARTMSG 2221:0 @!@!@
  line 1112, col 19 to line 1117, col 52 of module ServicesConsistencyPlusCal: 0
@!@!@ENDMSG 2221 @!@!@
@!@!@STARTMSG 2772:0 @!@!@
<ReplyCheckoutResponse line 1119, col 1 to line 1119, col 21 of module ServicesConsistencyPlusCal>: 0:0
@!@!@ENDMSG 2772 @!@!@
@!@!@STARTMSG 2221:0 @!@!@
  line 1119, col 29 to line 1119, col 59 of module ServicesConsistencyPlusCal: 213
@!@!@ENDMSG 2221 @!@!@
@!@!@STARTMSG 2221:0 @!@!@
  line 1120, col 29 to line 1120, col 84 of module ServicesConsistencyPlusCal: 0
@!@!@ENDMSG 2221 @!@!@
@!@!@STARTMSG 2221:0 @!@!@
  line 1121, col 29 to line 1121, col 59 of module ServicesConsistencyPlusCal: 0
@!@!@ENDMSG 2221 @!@!@
@!@!@STARTMSG 2221:0 @!@!@
  line 1122, col 29 to line 1128, col 51 of module ServicesConsistencyPlusCal: 0
@!@!@ENDMSG 2221 @!@!@
@!@!@STARTMSG 2772:0 @!@!@
<FailedCheckoutResponse line 1130, col 1 to line 1130, col 22 of module ServicesConsistencyPlusCal>: 7:7
@!@!@ENDMSG 2772 @!@!@
@!@!@STARTMSG 2221:0 @!@!@
  line 1130, col 30 to line 1130, col 61 of module ServicesConsistencyPlusCal: 220
@!@!@ENDMSG 2221 @!@!@
@!@!@STARTMSG 2221:0 @!@!@
  |line 1130, col 30 to line 1130, col 34 of module ServicesConsistencyPlusCal: 213
@!@!@ENDMSG 2221 @!@!@
@!@!@STARTMSG 2221:0 @!@!@
  line 1131, col 30 to line 1131, col 89 of module ServicesConsistencyPlusCal: 7
@!@!@ENDMSG 2221 @!@!@
@!@!@STARTMSG 2221:0 @!@!@
  line 1132, col 30 to line 1132, col 60 of module ServicesConsistencyPlusCal: 7
@!@!@ENDMSG 2221 @!@!@
@!@!@STARTMSG 2221:0 @!@!@
  line 1133, col 30 to line 1139, col 52 of module ServicesConsistencyPlusCal: 7
@!@!@ENDMSG 2221 @!@!@
@!@!@STARTMSG 2772:0 @!@!@
<ReplyCompensateResponse line 1141, col 1 to line 1141, col 23 of module ServicesConsistencyPlusCal>: 0:0
@!@!@ENDMSG 2772 @!@!@
@!@!@STARTMSG 2221:0 @!@!@
  line 1141, col 31 to line 1141, col 63 of module ServicesConsistencyPlusCal: 213
@!@!@ENDMSG 2221 @!@!@
@!@!@STARTMSG 2221:0 @!@!@
  line 1142, col 31 to line 1142, col 88 of module ServicesConsistencyPlusCal: 0
@!@!@ENDMSG 2221 @!@!@
@!@!@STARTMSG 2221:0 @!@!@
  line 1143, col 31 to line 1143, col 61 of module ServicesConsistencyPlusCal: 0
@!@!@ENDMSG 2221 @!@!@
@!@!@STARTMSG 2221:0 @!@!@
  line 1144, col 31 to line 1150, col 53 of module ServicesConsistencyPlusCal: 0
@!@!@ENDMSG 2221 @!@!@
@!@!@STARTMSG 2772:0 @!@!@
<step line 1152, col 1 to line 1152, col 4 of module ServicesConsistencyPlusCal>: 49:84
@!@!@ENDMSG 2772 @!@!@
@!@!@STARTMSG 2221:0 @!@!@
  line 1152, col 12 to line 1152, col 25 of module ServicesConsistencyPlusCal: 297
@!@!@ENDMSG 2221 @!@!@
@!@!@STARTMSG 2221:0 @!@!@
  |line 1152, col 12 to line 1152, col 16 of module ServicesConsistencyPlusCal: 213
@!@!@ENDMSG 2221 @!@!@
@!@!@STARTMSG 2221:0 @!@!@
  line 1153, col 12 to line 1153, col 48 of module ServicesConsistencyPlusCal: 84
@!@!@ENDMSG 2221 @!@!@
@!@!@STARTMSG 2221:0 @!@!@
  line 1154, col 12 to line 1158, col 55 of module ServicesConsistencyPlusCal: 84
@!@!@ENDMSG 2221 @!@!@
@!@!@STARTMSG 2772:0 @!@!@
<Terminating line 1168, col 1 to line 1168, col 11 of module ServicesConsistencyPlusCal>: 0:3
@!@!@ENDMSG 2772 @!@!@
@!@!@STARTMSG 2221:0 @!@!@
  line 1168, col 40 to line 1168, col 56 of module ServicesConsistencyPlusCal: 262
@!@!@ENDMSG 2221 @!@!@
@!@!@STARTMSG 2221:0 @!@!@
  |line 1168, col 40 to line 1168, col 47 of module ServicesConsistencyPlusCal: 253
@!@!@ENDMSG 2221 @!@!@
@!@!@STARTMSG 2221:0 @!@!@
  line 1168, col 31 to line 1168, col 37 of module ServicesConsistencyPlusCal: 213
@!@!@ENDMSG 2221 @!@!@
@!@!@STARTMSG 2221:0 @!@!@
  line 1169, col 19 to line 1169, col 32 of module ServicesConsistencyPlusCal: 3
@!@!@ENDMSG 2221 @!@!@
@!@!@STARTMSG 2774:0 @!@!@
<TypeInvariant line 392, col 1 to line 392, col 13 of module ServicesConsistencyPlusCal>
@!@!@ENDMSG 2774 @!@!@
@!@!@STARTMSG 2221:0 @!@!@
  line 393, col 5 to line 401, col 24 of module ServicesConsistencyPlusCal: 205
@!@!@ENDMSG 2221 @!@!@
@!@!@STARTMSG 2774:0 @!@!@
<UserCreditsConsistent line 403, col 1 to line 403, col 21 of module ServicesConsistencyPlusCal>
@!@!@ENDMSG 2774 @!@!@
@!@!@STARTMSG 2221:0 @!@!@
  line 403, col 26 to line 403, col 89 of module ServicesConsistencyPlusCal: 205
@!@!@ENDMSG 2221 @!@!@
@!@!@STARTMSG 2774:0 @!@!@
<StockConsistent line 404, col 1 to line 404, col 15 of module ServicesConsistencyPlusCal>
@!@!@ENDMSG 2774 @!@!@
@!@!@STARTMSG 2221:0 @!@!@
  line 404, col 20 to line 404, col 72 of module ServicesConsistencyPlusCal: 205
@!@!@ENDMSG 2221 @!@!@
@!@!@STARTMSG 2202:0 @!@!@
End of statistics.
@!@!@ENDMSG 2202 @!@!@
@!@!@STARTMSG 2200:0 @!@!@
Progress(29) at 2026-04-01 02:49:35: 450 states generated (25,471 s/min), 205 distinct states found (11,603 ds/min), 0 states left on queue.
@!@!@ENDMSG 2200 @!@!@
@!@!@STARTMSG 2199:0 @!@!@
450 states generated, 205 distinct states found, 0 states left on queue.
@!@!@ENDMSG 2199 @!@!@
@!@!@STARTMSG 2194:0 @!@!@
The depth of the complete state graph search is 29.
@!@!@ENDMSG 2194 @!@!@
@!@!@STARTMSG 2268:0 @!@!@
The average outdegree of the complete state graph is 1 (minimum is 0, the maximum 3 and the 95th percentile is 2).
@!@!@ENDMSG 2268 @!@!@
@!@!@STARTMSG 2186:0 @!@!@
Finished in 1062ms at (2026-04-01 02:49:35)
@!@!@ENDMSG 2186 @!@!@
